<?xml version="1.0" encoding="UTF-8"?>
<testsuite name="HandTest" tests="1" skipped="0" failures="0" errors="0" timestamp="2019-07-22T02:03:41" hostname="DESKTOP-9AK9NSF" time="0.006">
  <properties/>
  <testcase name="whenParseCardCodes_IsPassedAnArrayOfCodes_ItReturnsAnArrayOfCards" classname="HandTest" time="0.006"/>
  <system-out><![CDATA[]]></system-out>
  <system-err><![CDATA[]]></system-err>
</testsuite>
