<?xml version="1.0" encoding="UTF-8"?>
<testsuite name="HandScoreTest" tests="1" skipped="0" failures="0" errors="0" timestamp="2019-07-23T14:32:04" hostname="DESKTOP-9AK9NSF" time="0.009">
  <properties/>
  <testcase name="whenCheckForFlush_IsPassedFlushHighKD_ItScores51300" classname="HandScoreTest" time="0.009"/>
  <system-out><![CDATA[Count from the method is 1
Count from the method is 2
Count from the method is 3
Count from the method is 4
Count from outside the for loop of the method is 4
]]></system-out>
  <system-err><![CDATA[]]></system-err>
</testsuite>
