<?xml version="1.0" encoding="UTF-8"?>
<testsuite name="HandScoreTest" tests="2" skipped="0" failures="0" errors="0" timestamp="2019-07-22T23:38:35" hostname="DESKTOP-9AK9NSF" time="0.011">
  <properties/>
  <testcase name="whenCheckForFlush_IsPassedAFlush_ItReturnsAFlushArrayCalledFlush" classname="HandScoreTest" time="0.008"/>
  <testcase name="whenCheckForFlush_IsPassedAFlush_ItScores0x500" classname="HandScoreTest" time="0.003"/>
  <system-out><![CDATA[Count from the method is 1
Count from the method is 2
Count from the method is 3
Count from the method is 4
Count from outside the for loop of the method is 4
Count from the method is 1
Count from the method is 2
Count from the method is 3
Count from the method is 4
Count from outside the for loop of the method is 4
]]></system-out>
  <system-err><![CDATA[]]></system-err>
</testsuite>
