<?xml version="1.0" encoding="UTF-8"?>
<testsuite name="HandTest" tests="1" skipped="0" failures="0" errors="0" timestamp="2019-07-19T18:50:48" hostname="DESKTOP-9AK9NSF" time="0.003">
  <properties/>
  <testcase name="whenHandIsPassedAStringItReturnsThatString" classname="HandTest" time="0.003"/>
  <system-out><![CDATA[]]></system-out>
  <system-err><![CDATA[]]></system-err>
</testsuite>
