<?xml version="1.0" encoding="UTF-8"?>
<testsuite name="KataPokerTest" tests="20" skipped="0" failures="0" errors="0" timestamp="2019-07-29T01:53:11" hostname="DESKTOP-9AK9NSF" time="0.375">
  <properties/>
  <testcase name="testAllTheThings[0]" classname="KataPokerTest" time="0.03"/>
  <testcase name="testAllTheThings[1]" classname="KataPokerTest" time="0.002"/>
  <testcase name="testAllTheThings[2]" classname="KataPokerTest" time="0.002"/>
  <testcase name="testAllTheThings[3]" classname="KataPokerTest" time="0.001"/>
  <testcase name="testAllTheThings[4]" classname="KataPokerTest" time="0.002"/>
  <testcase name="testAllTheThings[5]" classname="KataPokerTest" time="0.001"/>
  <testcase name="testAllTheThings[6]" classname="KataPokerTest" time="0.065"/>
  <testcase name="testAllTheThings[7]" classname="KataPokerTest" time="0.014"/>
  <testcase name="testAllTheThings[8]" classname="KataPokerTest" time="0.014"/>
  <testcase name="testAllTheThings[9]" classname="KataPokerTest" time="0.022"/>
  <testcase name="testAllTheThings[10]" classname="KataPokerTest" time="0.021"/>
  <testcase name="testAllTheThings[11]" classname="KataPokerTest" time="0.013"/>
  <testcase name="testAllTheThings[12]" classname="KataPokerTest" time="0.01"/>
  <testcase name="testAllTheThings[13]" classname="KataPokerTest" time="0.012"/>
  <testcase name="testAllTheThings[14]" classname="KataPokerTest" time="0.023"/>
  <testcase name="testAllTheThings[15]" classname="KataPokerTest" time="0.012"/>
  <testcase name="testAllTheThings[16]" classname="KataPokerTest" time="0.013"/>
  <testcase name="testAllTheThings[17]" classname="KataPokerTest" time="0.006"/>
  <testcase name="testAllTheThings[18]" classname="KataPokerTest" time="0.059"/>
  <testcase name="testAllTheThings[19]" classname="KataPokerTest" time="0.026"/>
  <system-out><![CDATA[black
Two of Hearts, 
Three of Hearts, 
Four of Hearts, 
Five of Hearts, 
Ace of Hearts, 
white
Eight of Clubs, 
Ten of Clubs, 
Ten of Spades, 
Ace of Diamonds, 
Ace of Clubs, 
black wins with STRAIGHT FLUSH
black
Two of Hearts, 
Four of Hearts, 
Five of Hearts, 
Nine of Hearts, 
King of Diamonds, 
white
Two of Clubs, 
Three of Hearts, 
Four of Spades, 
Eight of Clubs, 
Ace of Hearts, 
white wins with HIGH_CARD
black
Two of Hearts, 
Three of Spades, 
Four of Hearts, 
Eight of Hearts, 
Ace of Diamonds, 
white
Two of Clubs, 
Three of Hearts, 
Four of Spades, 
Eight of Clubs, 
Ace of Hearts, 
black has a HIGH_CARD and is tied with white which has the same value HIGH_CARD
black
Two of Diamonds, 
Three of Hearts, 
Four of Hearts, 
Five of Hearts, 
Six of Hearts, 
white
Two of Clubs, 
Three of Hearts, 
Four of Spades, 
Eight of Clubs, 
Ace of Hearts, 
black wins with STRAIGHT
black
Ten of Hearts, 
Jack of Hearts, 
Queen of Hearts, 
King of Hearts, 
Ace of Hearts, 
white
Two of Clubs, 
Three of Hearts, 
Four of Spades, 
Eight of Clubs, 
Ace of Hearts, 
black wins with STRAIGHT FLUSH
black
Ten of Hearts, 
Ten of Diamonds, 
Ace of Hearts, 
Ace of Spades, 
Ace of Clubs, 
white
Two of Clubs, 
Three of Hearts, 
Four of Spades, 
Eight of Clubs, 
Ace of Hearts, 
black wins with ONE_PAIR
black
Nine of Hearts, 
Ten of Hearts, 
Ace of Diamonds, 
Ace of Spades, 
Ace of Clubs, 
white
Three of Clubs, 
Three of Hearts, 
Three of Spades, 
Three of Diamonds, 
Ace of Hearts, 
white wins with FOUR_OF_KIND
black
Four of Clubs, 
Nine of Diamonds, 
Ten of Hearts, 
Ace of Hearts, 
Ace of Spades, 
white
Two of Clubs, 
Three of Hearts, 
Four of Spades, 
Eight of Clubs, 
Ace of Diamonds, 
black wins with ONE_PAIR
black
Four of Clubs, 
Nine of Diamonds, 
Ten of Hearts, 
Ace of Hearts, 
Ace of Spades, 
white
Four of Spades, 
Nine of Hearts, 
Ten of Clubs, 
Ace of Clubs, 
Ace of Diamonds, 
black has a ONE_PAIR and is tied with white which has the same value ONE_PAIR
black
Five of Clubs, 
Ten of Hearts, 
Ten of Diamonds, 
Ace of Hearts, 
Ace of Spades, 
white
Eight of Clubs, 
Ten of Clubs, 
Ten of Spades, 
Ace of Diamonds, 
Ace of Clubs, 
white wins with TWO_PAIRS
black
Eight of Hearts, 
Ten of Hearts, 
Ten of Diamonds, 
Ace of Hearts, 
Ace of Spades, 
white
Eight of Clubs, 
Ten of Clubs, 
Ten of Spades, 
Ace of Diamonds, 
Ace of Clubs, 
black has a TWO_PAIRS and is tied with white which has the same value TWO_PAIRS
black
Five of Hearts, 
Five of Diamonds, 
Eight of Hearts, 
Ace of Hearts, 
Ace of Spades, 
white
Eight of Clubs, 
Ten of Clubs, 
Ten of Spades, 
Ace of Diamonds, 
Ace of Clubs, 
white wins with TWO_PAIRS
black
Five of Hearts, 
Five of Diamonds, 
Eight of Hearts, 
Jack of Hearts, 
Ace of Spades, 
white
Five of Clubs, 
Five of Spades, 
Eight of Clubs, 
Jack of Clubs, 
Ace of Diamonds, 
black has a ONE_PAIR and is tied with white which has the same value ONE_PAIR
black
Five of Hearts, 
Five of Diamonds, 
Nine of Hearts, 
Jack of Hearts, 
Ace of Spades, 
white
Five of Clubs, 
Five of Spades, 
Eight of Clubs, 
Jack of Clubs, 
Ace of Diamonds, 
black wins with ONE_PAIR
black
Two of Hearts, 
Three of Diamonds, 
Four of Hearts, 
Five of Clubs, 
Ace of Hearts, 
white
Eight of Clubs, 
Nine of Spades, 
Ten of Clubs, 
Jack of Clubs, 
Ace of Diamonds, 
white wins with STRAIGHT
black
Two of Hearts, 
Four of Hearts, 
Four of Spades, 
Four of Diamonds, 
Five of Hearts, 
white
Eight of Clubs, 
Ten of Clubs, 
Ten of Spades, 
Ten of Diamonds, 
Ace of Clubs, 
white wins with THREE_OF_KIND
black
Two of Hearts, 
Three of Diamonds, 
Five of Spades, 
Nine of Clubs, 
King of Diamonds, 
white
Two of Clubs, 
Three of Hearts, 
Four of Spades, 
Eight of Clubs, 
Ace of Hearts, 
white wins with HIGH_CARD
black
Two of Hearts, 
Two of Diamonds, 
Four of Spades, 
Four of Clubs, 
Four of Hearts, 
white
Two of Spades, 
Three of Spades, 
Eight of Spades, 
Queen of Spades, 
Ace of Spades, 
black wins with ONE_PAIR
black
Two of Hearts, 
Three of Diamonds, 
Five of Spades, 
Nine of Clubs, 
King of Diamonds, 
white
Two of Clubs, 
Three of Hearts, 
Four of Spades, 
Eight of Clubs, 
King of Hearts, 
black wins with HIGH_CARD
black
Two of Hearts, 
Three of Diamonds, 
Five of Spades, 
Nine of Clubs, 
King of Diamonds, 
white
Two of Diamonds, 
Three of Hearts, 
Five of Clubs, 
Nine of Spades, 
King of Hearts, 
black has a HIGH_CARD and is tied with white which has the same value HIGH_CARD
]]></system-out>
  <system-err><![CDATA[]]></system-err>
</testsuite>
