<?xml version="1.0" encoding="UTF-8"?>
<testsuite name="HandTest" tests="1" skipped="0" failures="0" errors="0" timestamp="2019-07-20T14:48:37" hostname="DESKTOP-9AK9NSF" time="0.002">
  <properties/>
  <testcase name="whenlistBlackCArdsIsPassedASampleInputItReturnsArrayListOfCardsForBlack" classname="HandTest" time="0.002"/>
  <system-out><![CDATA[]]></system-out>
  <system-err><![CDATA[]]></system-err>
</testsuite>
