<?xml version="1.0" encoding="UTF-8"?>
<testsuite name="KataPokerTest" tests="14" skipped="0" failures="0" errors="0" timestamp="2019-07-28T21:12:08" hostname="DESKTOP-9AK9NSF" time="0.177">
  <properties/>
  <testcase name="testbutts[0]" classname="KataPokerTest" time="0.06"/>
  <testcase name="testbutts[1]" classname="KataPokerTest" time="0.024"/>
  <testcase name="testbutts[2]" classname="KataPokerTest" time="0.002"/>
  <testcase name="testbutts[3]" classname="KataPokerTest" time="0.003"/>
  <testcase name="testbutts[4]" classname="KataPokerTest" time="0.004"/>
  <testcase name="testbutts[5]" classname="KataPokerTest" time="0.001"/>
  <testcase name="testbutts[6]" classname="KataPokerTest" time="0.006"/>
  <testcase name="testbutts[7]" classname="KataPokerTest" time="0.003"/>
  <testcase name="testbutts[8]" classname="KataPokerTest" time="0.004"/>
  <testcase name="testbutts[9]" classname="KataPokerTest" time="0.005"/>
  <testcase name="testbutts[10]" classname="KataPokerTest" time="0.002"/>
  <testcase name="testbutts[11]" classname="KataPokerTest" time="0.001"/>
  <testcase name="testbutts[12]" classname="KataPokerTest" time="0.001"/>
  <testcase name="testbutts[13]" classname="KataPokerTest" time="0.003"/>
  <system-out><![CDATA[[PokerHand@dfea12a, PokerHand@10e14421]
[PokerHand@dfea12a, PokerHand@10e14421]
black score: 6181938
black score: 9442484
1 => 1
1 => 1
1 => 1
1 => 1
1 => 1
2 => 2
1 => 1
2 => 2
white score: 2102304
black
[PokerHand@6ec5e63a, PokerHand@644ed985]
[PokerHand@6ec5e63a, PokerHand@644ed985]
1 => 1
1 => 1
1 => 1
1 => 1
1 => 1
black score: 890178
1 => 1
1 => 1
1 => 1
1 => 1
1 => 1
white score: 951346
white
[PokerHand@4f98dde7, PokerHand@5d88b760]
[PokerHand@4f98dde7, PokerHand@5d88b760]
black score: 4199604
1 => 1
1 => 1
1 => 1
1 => 1
1 => 1
1 => 1
1 => 1
1 => 1
1 => 1
1 => 1
white score: 951346
black
[PokerHand@234a58b3, PokerHand@2a34ded8]
[PokerHand@234a58b3, PokerHand@2a34ded8]
black score: 6216890
black score: 9443984
1 => 1
1 => 1
1 => 1
1 => 1
1 => 1
1 => 1
1 => 1
1 => 1
1 => 1
1 => 1
white score: 951346
black
[PokerHand@5c5e029, PokerHand@90b2c57]
[PokerHand@5c5e029, PokerHand@90b2c57]
3 => 3
2 => 2
black score: 6298356
black score: 1049810
1 => 1
1 => 1
1 => 1
1 => 1
1 => 1
white score: 951346
black
[PokerHand@41265f38, PokerHand@683a3b18]
[PokerHand@41265f38, PokerHand@683a3b18]
1 => 1
3 => 3
1 => 1
1 => 1
4 => 4
white score: 8393708
white
[PokerHand@42545a9e, PokerHand@12edbf17]
[PokerHand@42545a9e, PokerHand@12edbf17]
1 => 1
2 => 2
1 => 1
1 => 1
black score: 1110028
1 => 1
1 => 1
1 => 1
1 => 1
1 => 1
white score: 951346
black
[PokerHand@61c1fded, PokerHand@589af836]
[PokerHand@61c1fded, PokerHand@589af836]
1 => 1
2 => 2
2 => 2
black score: 2102301
2 => 2
1 => 1
2 => 2
white score: 2102304
white
[PokerHand@387ad911, PokerHand@4710cc0e]
[PokerHand@387ad911, PokerHand@4710cc0e]
2 => 2
1 => 1
2 => 2
black score: 2102304
2 => 2
1 => 1
2 => 2
white score: 2102304
white
[PokerHand@29d07f94, PokerHand@260479d0]
[PokerHand@29d07f94, PokerHand@260479d0]
2 => 2
2 => 2
1 => 1
black score: 2102269
2 => 2
1 => 1
2 => 2
white score: 2102304
white
[PokerHand@48589e50, PokerHand@9e94be9]
[PokerHand@48589e50, PokerHand@9e94be9]
2 => 2
1 => 1
1 => 1
1 => 1
black score: 1109369
2 => 2
1 => 1
1 => 1
1 => 1
white score: 1109369
white
[PokerHand@23efb99f, PokerHand@26208ecb]
[PokerHand@23efb99f, PokerHand@26208ecb]
1 => 1
2 => 2
1 => 1
1 => 1
black score: 1109385
2 => 2
1 => 1
1 => 1
1 => 1
white score: 1109369
black
[PokerHand@2a863e41, PokerHand@69738efb]
[PokerHand@2a863e41, PokerHand@69738efb]
black score: 4199604
1 => 1
1 => 1
1 => 1
1 => 1
1 => 1
white score: 4200904
1 => 1
1 => 1
1 => 1
1 => 1
1 => 1
white
[PokerHand@370ee10b, PokerHand@157a67f7]
[PokerHand@370ee10b, PokerHand@157a67f7]
1 => 1
3 => 3
1 => 1
1 => 1
1 => 1
3 => 3
white
]]></system-out>
  <system-err><![CDATA[]]></system-err>
</testsuite>
